# JRE version: OpenJDK Runtime Environment (8.0_66-b17) (build 1.8.0_66-internal-b17)
# Java VM: OpenJDK 64-Bit Server VM (25.66-b17 mixed mode linux-amd64 compressed oops)
Heap:
 PSYoungGen      total 122368K, used 1056K [0x00000000f8000000, 0x00000000ffd80000, 0x0000000100000000)
  eden space 116224K, 0% used [0x00000000f8000000,0x00000000f8108168,0x00000000ff180000)
  from space 6144K, 0% used [0x00000000ff780000,0x00000000ff780000,0x00000000ffd80000)
  to   space 6144K, 0% used [0x00000000ff180000,0x00000000ff180000,0x00000000ff780000)
 ParOldGen       total 65024K, used 30322K [0x00000000e8000000, 0x00000000ebf80000, 0x00000000f8000000)
  object space 65024K, 46% used [0x00000000e8000000,0x00000000e9d9ca30,0x00000000ebf80000)
 Metaspace       used 74769K, capacity 78288K, committed 78464K, reserved 1118208K
  class space    used 7983K, capacity 8992K, committed 9088K, reserved 1048576K
GC Heap History (10 events):
Event: 3399.852 GC heap before
{Heap before GC invocations=111 (full 47):
 PSYoungGen      total 122368K, used 1707K [0x00000000f8000000, 0x00000000ffd80000, 0x0000000100000000)
  eden space 116224K, 0% used [0x00000000f8000000,0x00000000f8000000,0x00000000ff180000)
  from space 6144K, 27% used [0x00000000ff780000,0x00000000ff92afa8,0x00000000ffd80000)
  to   space 6144K, 0% used [0x00000000ff180000,0x00000000ff180000,0x00000000ff780000)
 ParOldGen       total 65024K, used 29789K [0x00000000e8000000, 0x00000000ebf80000, 0x00000000f8000000)
  object space 65024K, 45% used [0x00000000e8000000,0x00000000e9d174a8,0x00000000ebf80000)
 Metaspace       used 74719K, capacity 78288K, committed 78464K, reserved 1118208K
  class space    used 7983K, capacity 8992K, committed 9088K, reserved 1048576K
Event: 3400.196 GC heap after
Heap after GC invocations=111 (full 47):
 PSYoungGen      total 122368K, used 0K [0x00000000f8000000, 0x00000000ffd80000, 0x0000000100000000)
  eden space 116224K, 0% used [0x00000000f8000000,0x00000000f8000000,0x00000000ff180000)
  from space 6144K, 0% used [0x00000000ff780000,0x00000000ff780000,0x00000000ffd80000)
  to   space 6144K, 0% used [0x00000000ff180000,0x00000000ff180000,0x00000000ff780000)
 ParOldGen       total 65024K, used 30270K [0x00000000e8000000, 0x00000000ebf80000, 0x00000000f8000000)
  object space 65024K, 46% used [0x00000000e8000000,0x00000000e9d8f8e8,0x00000000ebf80000)
 Metaspace       used 74719K, capacity 78288K, committed 78464K, reserved 1118208K
  class space    used 7983K, capacity 8992K, committed 9088K, reserved 1048576K
}
Event: 3459.830 GC heap before
{Heap before GC invocations=112 (full 47):
 PSYoungGen      total 122368K, used 35255K [0x00000000f8000000, 0x00000000ffd80000, 0x0000000100000000)
  eden space 116224K, 30% used [0x00000000f8000000,0x00000000fa26dc28,0x00000000ff180000)
  from space 6144K, 0% used [0x00000000ff780000,0x00000000ff780000,0x00000000ffd80000)
  to   space 6144K, 0% used [0x00000000ff180000,0x00000000ff180000,0x00000000ff780000)
 ParOldGen       total 65024K, used 30270K [0x00000000e8000000, 0x00000000ebf80000, 0x00000000f8000000)
  object space 65024K, 46% used [0x00000000e8000000,0x00000000e9d8f8e8,0x00000000ebf80000)
 Metaspace       used 74768K, capacity 78288K, committed 78464K, reserved 1118208K
  class space    used 7983K, capacity 8992K, committed 9088K, reserved 1048576K
Event: 3459.839 GC heap after
Heap after GC invocations=112 (full 47):
 PSYoungGen      total 122368K, used 1698K [0x00000000f8000000, 0x00000000ffd80000, 0x0000000100000000)
  eden space 116224K, 0% used [0x00000000f8000000,0x00000000f8000000,0x00000000ff180000)
  from space 6144K, 27% used [0x00000000ff180000,0x00000000ff328a80,0x00000000ff780000)
  to   space 6144K, 0% used [0x00000000ff780000,0x00000000ff780000,0x00000000ffd80000)
 ParOldGen       total 65024K, used 30270K [0x00000000e8000000, 0x00000000ebf80000, 0x00000000f8000000)
  object space 65024K, 46% used [0x00000000e8000000,0x00000000e9d8f8e8,0x00000000ebf80000)
 Metaspace       used 74768K, capacity 78288K, committed 78464K, reserved 1118208K
  class space    used 7983K, capacity 8992K, committed 9088K, reserved 1048576K
}
Event: 3459.839 GC heap before
{Heap before GC invocations=113 (full 48):
 PSYoungGen      total 122368K, used 1698K [0x00000000f8000000, 0x00000000ffd80000, 0x0000000100000000)
  eden space 116224K, 0% used [0x00000000f8000000,0x00000000f8000000,0x00000000ff180000)
  from space 6144K, 27% used [0x00000000ff180000,0x00000000ff328a80,0x00000000ff780000)
  to   space 6144K, 0% used [0x00000000ff780000,0x00000000ff780000,0x00000000ffd80000)
 ParOldGen       total 65024K, used 30270K [0x00000000e8000000, 0x00000000ebf80000, 0x00000000f8000000)
  object space 65024K, 46% used [0x00000000e8000000,0x00000000e9d8f8e8,0x00000000ebf80000)
 Metaspace       used 74768K, capacity 78288K, committed 78464K, reserved 1118208K
  class space    used 7983K, capacity 8992K, committed 9088K, reserved 1048576K
Event: 3460.184 GC heap after
Heap after GC invocations=113 (full 48):
 PSYoungGen      total 122368K, used 0K [0x00000000f8000000, 0x00000000ffd80000, 0x0000000100000000)
  eden space 116224K, 0% used [0x00000000f8000000,0x00000000f8000000,0x00000000ff180000)
  from space 6144K, 0% used [0x00000000ff180000,0x00000000ff180000,0x00000000ff780000)
  to   space 6144K, 0% used [0x00000000ff780000,0x00000000ff780000,0x00000000ffd80000)
 ParOldGen       total 65024K, used 30419K [0x00000000e8000000, 0x00000000ebf80000, 0x00000000f8000000)
  object space 65024K, 46% used [0x00000000e8000000,0x00000000e9db4d08,0x00000000ebf80000)
 Metaspace       used 74768K, capacity 78288K, committed 78464K, reserved 1118208K
  class space    used 7983K, capacity 8992K, committed 9088K, reserved 1048576K
}
Event: 3519.831 GC heap before
{Heap before GC invocations=114 (full 48):
 PSYoungGen      total 122368K, used 1314K [0x00000000f8000000, 0x00000000ffd80000, 0x0000000100000000)
  eden space 116224K, 1% used [0x00000000f8000000,0x00000000f8148aa0,0x00000000ff180000)
  from space 6144K, 0% used [0x00000000ff180000,0x00000000ff180000,0x00000000ff780000)
  to   space 6144K, 0% used [0x00000000ff780000,0x00000000ff780000,0x00000000ffd80000)
 ParOldGen       total 65024K, used 30419K [0x00000000e8000000, 0x00000000ebf80000, 0x00000000f8000000)
  object space 65024K, 46% used [0x00000000e8000000,0x00000000e9db4d08,0x00000000ebf80000)
 Metaspace       used 74769K, capacity 78288K, committed 78464K, reserved 1118208K
  class space    used 7983K, capacity 8992K, committed 9088K, reserved 1048576K
Event: 3519.836 GC heap after
Heap after GC invocations=114 (full 48):
 PSYoungGen      total 122368K, used 32K [0x00000000f8000000, 0x00000000ffd80000, 0x0000000100000000)
  eden space 116224K, 0% used [0x00000000f8000000,0x00000000f8000000,0x00000000ff180000)
  from space 6144K, 0% used [0x00000000ff780000,0x00000000ff788000,0x00000000ffd80000)
  to   space 6144K, 0% used [0x00000000ff180000,0x00000000ff180000,0x00000000ff780000)
 ParOldGen       total 65024K, used 30419K [0x00000000e8000000, 0x00000000ebf80000, 0x00000000f8000000)
  object space 65024K, 46% used [0x00000000e8000000,0x00000000e9db4d08,0x00000000ebf80000)
 Metaspace       used 74769K, capacity 78288K, committed 78464K, reserved 1118208K
  class space    used 7983K, capacity 8992K, committed 9088K, reserved 1048576K
}
Event: 3519.836 GC heap before
{Heap before GC invocations=115 (full 49):
 PSYoungGen      total 122368K, used 32K [0x00000000f8000000, 0x00000000ffd80000, 0x0000000100000000)
  eden space 116224K, 0% used [0x00000000f8000000,0x00000000f8000000,0x00000000ff180000)
  from space 6144K, 0% used [0x00000000ff780000,0x00000000ff788000,0x00000000ffd80000)
  to   space 6144K, 0% used [0x00000000ff180000,0x00000000ff180000,0x00000000ff780000)
 ParOldGen       total 65024K, used 30419K [0x00000000e8000000, 0x00000000ebf80000, 0x00000000f8000000)
  object space 65024K, 46% used [0x00000000e8000000,0x00000000e9db4d08,0x00000000ebf80000)
 Metaspace       used 74769K, capacity 78288K, committed 78464K, reserved 1118208K
  class space    used 7983K, capacity 8992K, committed 9088K, reserved 1048576K
Event: 3520.103 GC heap after
Heap after GC invocations=115 (full 49):
 PSYoungGen      total 122368K, used 0K [0x00000000f8000000, 0x00000000ffd80000, 0x0000000100000000)
  eden space 116224K, 0% used [0x00000000f8000000,0x00000000f8000000,0x00000000ff180000)
  from space 6144K, 0% used [0x00000000ff780000,0x00000000ff780000,0x00000000ffd80000)
  to   space 6144K, 0% used [0x00000000ff180000,0x00000000ff180000,0x00000000ff780000)
 ParOldGen       total 65024K, used 30322K [0x00000000e8000000, 0x00000000ebf80000, 0x00000000f8000000)
  object space 65024K, 46% used [0x00000000e8000000,0x00000000e9d9ca30,0x00000000ebf80000)
 Metaspace       used 74769K, capacity 78288K, committed 78464K, reserved 1118208K
  class space    used 7983K, capacity 8992K, committed 9088K, reserved 1048576K
}

